2025-04-27 15:27:45,273 INFO: GET /about - Rendering about page. [in /Users/seanvanderaa/Desktop/Creativity/EkoLinq/Website/app.py:133]
2025-04-27 15:28:07,376 INFO: GET /about - Rendering about page. [in /Users/seanvanderaa/Desktop/Creativity/EkoLinq/Website/app.py:133]
2025-04-27 15:29:13,668 INFO: GET /about - Rendering about page. [in /Users/seanvanderaa/Desktop/Creativity/EkoLinq/Website/app.py:133]
2025-04-27 15:30:17,843 INFO: GET /about - Rendering about page. [in /Users/seanvanderaa/Desktop/Creativity/EkoLinq/Website/app.py:133]
2025-04-27 15:30:31,931 INFO: GET /about - Rendering about page. [in /Users/seanvanderaa/Desktop/Creativity/EkoLinq/Website/app.py:133]
2025-04-27 15:32:08,790 INFO: GET /about - Rendering about page. [in /Users/seanvanderaa/Desktop/Creativity/EkoLinq/Website/app.py:133]
2025-04-27 15:32:48,747 INFO: GET /about - Rendering about page. [in /Users/seanvanderaa/Desktop/Creativity/EkoLinq/Website/app.py:133]
2025-04-27 15:32:57,446 INFO: GET /about - Rendering about page. [in /Users/seanvanderaa/Desktop/Creativity/EkoLinq/Website/app.py:133]
2025-04-27 15:33:51,697 INFO: GET /about - Rendering about page. [in /Users/seanvanderaa/Desktop/Creativity/EkoLinq/Website/app.py:133]
2025-04-27 15:34:18,635 INFO: GET /about - Rendering about page. [in /Users/seanvanderaa/Desktop/Creativity/EkoLinq/Website/app.py:133]
2025-04-27 15:34:33,760 INFO: GET /about - Rendering about page. [in /Users/seanvanderaa/Desktop/Creativity/EkoLinq/Website/app.py:133]
2025-04-27 15:34:47,859 INFO: GET /about - Rendering about page. [in /Users/seanvanderaa/Desktop/Creativity/EkoLinq/Website/app.py:133]
2025-04-27 15:35:03,348 INFO: GET /about - Rendering about page. [in /Users/seanvanderaa/Desktop/Creativity/EkoLinq/Website/app.py:133]
2025-04-27 15:35:10,297 ERROR: Unhandled exception occurred: [in /Users/seanvanderaa/Desktop/Creativity/EkoLinq/Website/app.py:1686]
Traceback (most recent call last):
  File "/Users/seanvanderaa/Desktop/Creativity/EkoLinq/Website/path/to/venv/lib/python3.13/site-packages/flask/app.py", line 917, in full_dispatch_request
    rv = self.dispatch_request()
  File "/Users/seanvanderaa/Desktop/Creativity/EkoLinq/Website/path/to/venv/lib/python3.13/site-packages/flask/app.py", line 891, in dispatch_request
    self.raise_routing_exception(req)
    ~~~~~~~~~~~~~~~~~~~~~~~~~~~~^^^^^
  File "/Users/seanvanderaa/Desktop/Creativity/EkoLinq/Website/path/to/venv/lib/python3.13/site-packages/flask/app.py", line 500, in raise_routing_exception
    raise request.routing_exception  # type: ignore[misc]
    ^^^^^^^^^^^^^^^^^^^^^^^^^^^^^^^
  File "/Users/seanvanderaa/Desktop/Creativity/EkoLinq/Website/path/to/venv/lib/python3.13/site-packages/flask/ctx.py", line 362, in match_request
    result = self.url_adapter.match(return_rule=True)  # type: ignore
  File "/Users/seanvanderaa/Desktop/Creativity/EkoLinq/Website/path/to/venv/lib/python3.13/site-packages/werkzeug/routing/map.py", line 629, in match
    raise NotFound() from None
werkzeug.exceptions.NotFound: 404 Not Found: The requested URL was not found on the server. If you entered the URL manually please check your spelling and try again.
2025-04-27 15:35:19,438 INFO: GET /textile-waste - Rendering textile_waste page. [in /Users/seanvanderaa/Desktop/Creativity/EkoLinq/Website/app.py:128]
2025-04-27 15:35:22,786 INFO: GET /request_pickup - User accessed request_pickup page. [in /Users/seanvanderaa/Desktop/Creativity/EkoLinq/Website/app.py:149]
2025-04-27 15:35:22,787 INFO: Recaptcha site key = '6Lc3zR4rAAAAAC-V5D1mEQtw-yLlzoh5sZjKn_9z', secret key = '6Lc3zR4rAAAAAAn4IiORSQTpjF2dYzMUvAtArGeE' [in /Users/seanvanderaa/Desktop/Creativity/EkoLinq/Website/app.py:168]
2025-04-27 15:36:40,416 INFO: GET /request_pickup - User accessed request_pickup page. [in /Users/seanvanderaa/Desktop/Creativity/EkoLinq/Website/app.py:149]
2025-04-27 15:36:40,417 INFO: Recaptcha site key = '6Lc3zR4rAAAAAC-V5D1mEQtw-yLlzoh5sZjKn_9z', secret key = '6Lc3zR4rAAAAAAn4IiORSQTpjF2dYzMUvAtArGeE' [in /Users/seanvanderaa/Desktop/Creativity/EkoLinq/Website/app.py:168]
2025-04-27 15:36:41,751 INFO: GET /about - Rendering about page. [in /Users/seanvanderaa/Desktop/Creativity/EkoLinq/Website/app.py:133]
2025-04-27 15:37:55,584 INFO: GET /request_pickup - User accessed request_pickup page. [in /Users/seanvanderaa/Desktop/Creativity/EkoLinq/Website/app.py:149]
2025-04-27 15:37:55,585 INFO: Recaptcha site key = '6Lc3zR4rAAAAAC-V5D1mEQtw-yLlzoh5sZjKn_9z', secret key = '6Lc3zR4rAAAAAAn4IiORSQTpjF2dYzMUvAtArGeE' [in /Users/seanvanderaa/Desktop/Creativity/EkoLinq/Website/app.py:168]
2025-04-27 16:00:54,879 INFO: GET /admin - User accessed admin route; redirecting to admin_console. [in /Users/seanvanderaa/Desktop/Creativity/EkoLinq/Website/app.py:750]
2025-04-27 16:00:54,893 INFO: GET /admin/login - Admin logging in via Cognito. [in /Users/seanvanderaa/Desktop/Creativity/EkoLinq/Website/app.py:755]
2025-04-27 16:01:07,869 INFO: GET /callback - Callback endpoint hit for admin login. [in /Users/seanvanderaa/Desktop/Creativity/EkoLinq/Website/app.py:768]
2025-04-27 16:01:08,329 INFO: Successfully logged in and obtained tokens for admin. Redirecting to admin_console. [in /Users/seanvanderaa/Desktop/Creativity/EkoLinq/Website/app.py:812]
2025-04-27 16:01:08,342 INFO: Accessing /admin-console. [in /Users/seanvanderaa/Desktop/Creativity/EkoLinq/Website/app.py:825]
2025-04-27 16:01:14,973 INFO: Accessing /admin-pickups page. [in /Users/seanvanderaa/Desktop/Creativity/EkoLinq/Website/app.py:1002]
2025-04-27 16:03:57,173 INFO: Accessing /admin-pickups page. [in /Users/seanvanderaa/Desktop/Creativity/EkoLinq/Website/app.py:1002]
2025-04-27 16:04:26,293 INFO: Accessing /admin-pickups page. [in /Users/seanvanderaa/Desktop/Creativity/EkoLinq/Website/app.py:1002]
2025-04-27 16:04:38,215 INFO: Accessing /admin-pickups page. [in /Users/seanvanderaa/Desktop/Creativity/EkoLinq/Website/app.py:1002]
2025-04-27 16:05:00,745 INFO: Accessing /admin-pickups page. [in /Users/seanvanderaa/Desktop/Creativity/EkoLinq/Website/app.py:1002]
2025-04-27 16:05:14,927 INFO: Accessing /admin-console. [in /Users/seanvanderaa/Desktop/Creativity/EkoLinq/Website/app.py:825]
2025-04-27 16:05:18,375 INFO: GET / - Rendering landing page. [in /Users/seanvanderaa/Desktop/Creativity/EkoLinq/Website/app.py:123]
2025-04-27 16:05:19,430 INFO: GET /edit-request-init - User accessing the edit request initialization page. [in /Users/seanvanderaa/Desktop/Creativity/EkoLinq/Website/app.py:415]
2025-04-27 16:05:21,898 INFO: Form validated successfully for request_id=867801 with email=seanpvanderaa@gmail.com [in /Users/seanvanderaa/Desktop/Creativity/EkoLinq/Website/app.py:432]
2025-04-27 16:05:21,902 INFO: Attempt to edit a past request for request_id=867801, request_date=2025-04-19 [in /Users/seanvanderaa/Desktop/Creativity/EkoLinq/Website/app.py:479]
2025-04-27 16:05:25,292 INFO: GET / - Rendering landing page. [in /Users/seanvanderaa/Desktop/Creativity/EkoLinq/Website/app.py:123]
2025-04-27 16:05:28,752 INFO: GET /request_pickup - User accessed request_pickup page. [in /Users/seanvanderaa/Desktop/Creativity/EkoLinq/Website/app.py:149]
2025-04-27 16:05:28,756 INFO: Recaptcha site key = '6Lc3zR4rAAAAAC-V5D1mEQtw-yLlzoh5sZjKn_9z', secret key = '6Lc3zR4rAAAAAAn4IiORSQTpjF2dYzMUvAtArGeE' [in /Users/seanvanderaa/Desktop/Creativity/EkoLinq/Website/app.py:168]
2025-04-27 16:05:39,281 INFO: POST /request_init - Form validated successfully. Creating new request. [in /Users/seanvanderaa/Desktop/Creativity/EkoLinq/Website/app.py:181]
2025-04-27 16:05:39,296 INFO: New pickup request created. ID in DB: 8, request_id: 346235 [in /Users/seanvanderaa/Desktop/Creativity/EkoLinq/Website/app.py:233]
2025-04-27 16:05:39,303 INFO: User is selecting a date/time for request_id=346235, offset=0. Rendering select_date.html. [in /Users/seanvanderaa/Desktop/Creativity/EkoLinq/Website/app.py:293]
2025-04-27 16:05:45,345 INFO: Pickup request 346235 updated with chosen_date=2025-05-03, chosen_time=08:00-16:00. Redirecting to confirmation. [in /Users/seanvanderaa/Desktop/Creativity/EkoLinq/Website/app.py:277]
2025-04-27 16:05:45,346 INFO: Confirmation email not yet sent for request_id=346235, sending to confirmation page [in /Users/seanvanderaa/Desktop/Creativity/EkoLinq/Website/app.py:289]
2025-04-27 16:05:45,356 INFO: Sending pickup request email for request_id=346235 [in /Users/seanvanderaa/Desktop/Creativity/EkoLinq/Website/app.py:323]
2025-04-27 16:05:45,356 INFO: Sending pickup request email for request_id=346235 [in /Users/seanvanderaa/Desktop/Creativity/EkoLinq/Website/app.py:326]
2025-04-27 16:05:46,676 INFO: Rendering confirmation.html for request_id=346235 [in /Users/seanvanderaa/Desktop/Creativity/EkoLinq/Website/app.py:341]
2025-04-27 16:06:14,573 WARNING: Unauthorized access attempt with request_id=346235 [in /Users/seanvanderaa/Desktop/Creativity/EkoLinq/Website/app.py:315]
2025-04-27 16:06:14,573 ERROR: Unhandled exception occurred: [in /Users/seanvanderaa/Desktop/Creativity/EkoLinq/Website/app.py:1686]
Traceback (most recent call last):
  File "/Users/seanvanderaa/Desktop/Creativity/EkoLinq/Website/path/to/venv/lib/python3.13/site-packages/flask/app.py", line 917, in full_dispatch_request
    rv = self.dispatch_request()
  File "/Users/seanvanderaa/Desktop/Creativity/EkoLinq/Website/path/to/venv/lib/python3.13/site-packages/flask/app.py", line 902, in dispatch_request
    return self.ensure_sync(self.view_functions[rule.endpoint])(**view_args)  # type: ignore[no-any-return]
           ~~~~~~~~~~~~~~~~~~~~~~~~~~~~~~~~~~~~~~~~~~~~~~~~~~~~^^^^^^^^^^^^^
  File "/Users/seanvanderaa/Desktop/Creativity/EkoLinq/Website/app.py", line 316, in confirmation
    abort(404)
    ~~~~~^^^^^
  File "/Users/seanvanderaa/Desktop/Creativity/EkoLinq/Website/path/to/venv/lib/python3.13/site-packages/flask/helpers.py", line 284, in abort
    current_app.aborter(code, *args, **kwargs)
    ~~~~~~~~~~~~~~~~~~~^^^^^^^^^^^^^^^^^^^^^^^
  File "/Users/seanvanderaa/Desktop/Creativity/EkoLinq/Website/path/to/venv/lib/python3.13/site-packages/werkzeug/exceptions.py", line 876, in __call__
    raise self.mapping[code](*args, **kwargs)
werkzeug.exceptions.NotFound: 404 Not Found: The requested URL was not found on the server. If you entered the URL manually please check your spelling and try again.
2025-04-27 16:07:33,207 INFO: GET / - Rendering landing page. [in /Users/seanvanderaa/Desktop/Creativity/EkoLinq/Website/app.py:123]
2025-04-27 16:07:59,228 INFO: GET /edit-request-init - User accessing the edit request initialization page. [in /Users/seanvanderaa/Desktop/Creativity/EkoLinq/Website/app.py:415]
2025-04-27 16:08:32,491 INFO: Form validated successfully for request_id=346235 with email=seanpvanderaa@gmail.com [in /Users/seanvanderaa/Desktop/Creativity/EkoLinq/Website/app.py:432]
2025-04-27 16:08:32,499 INFO: Request 346235 passed all checks and can be edited. [in /Users/seanvanderaa/Desktop/Creativity/EkoLinq/Website/app.py:525]
2025-04-27 16:08:32,512 INFO: Rendering edit_request.html for request_id=346235 [in /Users/seanvanderaa/Desktop/Creativity/EkoLinq/Website/app.py:557]
